[debug] > Exec(early(addDefaultCommands), None, None)
[debug] > Exec(addDefaultCommands, None, None)
[debug] > Exec(early(initialize), None, None)
[debug] > Exec(initialize, None, None)
[debug] > Exec(boot, None, None)
[debug] > Exec(writeSbtVersion, None, None)
[debug] > Exec(reload, None, None)
[debug] > Exec(sbtStashOnFailure, None, None)
[debug] > Exec(onFailure loadFailed, None, None)
[debug] > Exec(loadp, None, None)
[info] welcome to sbt 1.7.1 (Oracle Corporation Java 1.8.0_151-1-redhat)
[debug] Load.defaultLoad until apply took 68.2835ms
[debug]           Load.loadUnit: plugins took 96.7818ms
[debug]           Load.loadUnit: defsScala took 0.3937ms
[debug] [Loading] Scanning directory D:\java\Scala\project
[debug] [Loading] Found non-root projects 
[debug] [Loading] Done in D:\java\Scala\project, returning: ()
[debug] deducing auto plugins based on known facts Set(Atom(sbt.plugins.CorePlugin)) and clauses Clauses(Clause(Atom(sbt.plugins.JvmPlugin),Set(Atom(sbt.plugins.IvyPlugin)))
[debug] Clause(Atom(sbt.ScriptedPlugin),Set(Atom(sbt.plugins.JvmPlugin)))
[debug] Clause(Atom(sbt.plugins.SbtPlugin),Set(Atom(sbt.ScriptedPlugin)))
[debug] Clause(Atom(sbt.plugins.SemanticdbPlugin),Set(Atom(sbt.plugins.JvmPlugin)))
[debug] Clause(Atom(sbt.plugins.JUnitXmlReportPlugin),Set(Atom(sbt.plugins.JvmPlugin)))
[debug] Clause(Atom(sbt.plugins.MiniDependencyTreePlugin),Set(Atom(sbt.plugins.JvmPlugin)))
[debug] Clause(Atom(sbt.plugins.CorePlugin),Set(Atom(sbt.plugins.IvyPlugin)))
[debug] Clause(Atom(sbt.plugins.IvyPlugin),Set(Atom(sbt.plugins.JvmPlugin)))
[debug] Clause(Atom(sbt.plugins.JvmPlugin),Set(Atom(sbt.plugins.SemanticdbPlugin)))
[debug] Clause(Atom(sbt.plugins.JvmPlugin),Set(Atom(sbt.plugins.JUnitXmlReportPlugin)))
[debug] Clause(Atom(sbt.plugins.CorePlugin),Set(Atom(sbt.plugins.Giter8TemplatePlugin)))
[debug] Clause(Atom(sbt.plugins.JvmPlugin),Set(Atom(sbt.plugins.MiniDependencyTreePlugin))))
[debug]   :: deduced result: Matched(sbt.plugins.CorePlugin,sbt.plugins.Giter8TemplatePlugin,sbt.plugins.IvyPlugin,sbt.plugins.JvmPlugin,sbt.plugins.MiniDependencyTreePlugin,sbt.plugins.JUnitXmlReportPlugin,sbt.plugins.SemanticdbPlugin)
[debug] Plugins.deducer#function took 26.2353 ms
[debug]               Load.resolveProject(scala-build) took 57.2244ms
[debug]             Load.loadTransitive: finalizeProject(Project(id scala-build, base: D:\java\Scala\project, plugins: List(<none>))) took 123.0797ms
[debug] [Loading] Done in D:\java\Scala\project, returning: (scala-build)
[debug]           Load.loadUnit: loadedProjectsRaw took 154.9998ms
[debug]           Load.loadUnit: cleanEvalClasses took 0.2424ms
[debug]         Load.loadUnit(file:/D:/java/Scala/project/, ...) took 258.3135ms
[debug]       Load.apply: load took 387.1275ms
[debug]       Load.apply: resolveProjects took 5.9036ms
[debug]       Load.apply: finalTransforms took 57.2384ms
[debug]       Load.apply: config.delegates took 9.2416ms
[debug]       Load.apply: Def.make(settings)... took 358.8497ms
[debug]       Load.apply: structureIndex took 90.4127ms
[debug]       Load.apply: mkStreams took 2.2003ms
[info] loading project definition from D:\java\Scala\project
[debug] Running task... Cancel: Signal, check cycles: false, forcegc: true
